(---------------------------------------------------------------------)
(                                                                     )
(    Auto Silkscreen Log File                                         )
(                                                                     )
(    Drawing          : DUBLA1 P4.brd                                 )
(    Software Version : 17.2S025                                      )
(    Date/Time        : Sat Jan 11 19:39:03 2025                      )
(                                                                     )
(---------------------------------------------------------------------)


Generating Auto Silkscreen for the top of the board.

Copying geometric elements.

Element to Pad clearance is 0.00
Max Text displacement is 100.00
Min Line Length is 0.00
Allowing 0, 90, 180 and 270 degree text rotations.
Text Allowed Under Components.
Subclass Selections:
 Board Geometry       : Silkscreen
 Component Value      : Silkscreen
 Device Type          : Silkscreen
 Package Geometry     : Silkscreen
 Reference Designator : Silkscreen
 Tolerance            : Silkscreen
 User Part Number     : Silkscreen


Total Failures: 0

Log End

