(---------------------------------------------------------------------)
(                                                                     )
(    Allegro Netrev Import Logic                                      )
(                                                                     )
(    Drawing          : DUBLA1 P4.brd                                 )
(    Software Version : 17.2S025                                      )
(    Date/Time        : Sun Jan 05 17:11:14 2025                      )
(                                                                     )
(---------------------------------------------------------------------)


------ Directives ------------

Ripup etch:                  No
Ripup delete first segment:  No
Ripup retain bondwire:       No
Ripup symbols:               Always
Missing symbol has error:    No
DRC update:                  Yes
Schematic directory:         'D:\DOCUMENTS\ORCAD\PCAD\allegro'
Design Directory:            'D:/DOCUMENTS/ORCAD/PCAD/allegro'
Old design name:             'D:/DOCUMENTS/ORCAD/PCAD/allegro/DUBLA1 P4.brd'
New design name:             'D:/DOCUMENTS/ORCAD/PCAD/allegro/DUBLA1 P4.brd'

CmdLine: netrev.exe -y 1 -n -u -i D:\DOCUMENTS\ORCAD\PCAD\allegro D:\DOCUMENTS\ORCAD\PCAD\allegro\DUBLA1 P4.brd D:\DOCUMENTS\ORCAD\PCAD\allegro\DUBLA1 P4.brd

------ Preparing to read pst files ------

Starting to read D:/DOCUMENTS/ORCAD/PCAD/allegro/pstchip.dat 
   Finished reading D:/DOCUMENTS/ORCAD/PCAD/allegro/pstchip.dat (00:00:00.06)
Starting to read D:/DOCUMENTS/ORCAD/PCAD/allegro/pstxprt.dat 
   Finished reading D:/DOCUMENTS/ORCAD/PCAD/allegro/pstxprt.dat (00:00:00.00)
Starting to read D:/DOCUMENTS/ORCAD/PCAD/allegro/pstxnet.dat 
   Finished reading D:/DOCUMENTS/ORCAD/PCAD/allegro/pstxnet.dat (00:00:00.00)

------ Oversights/Warnings/Errors ------



Note: SECTION property definition created

------ Library Paths ------
MODULEPATH =  . 
           C:/Cadence/SPB_17.2/share/local/pcb/modules 

PSMPATH =  . 
           symbols 
           .. 
           ../symbols 
           C:/Cadence/SPB_17.2/share/local/pcb/symbols 
           C:/Cadence/SPB_17.2/share/pcb/pcb_lib/symbols 
           C:/Cadence/SPB_17.2/share/pcb/allegrolib/symbols 

PADPATH =  . 
           symbols 
           .. 
           ../symbols 
           C:/Cadence/SPB_17.2/share/local/pcb/padstacks 
           C:/Cadence/SPB_17.2/share/pcb/pcb_lib/symbols 
           C:/Cadence/SPB_17.2/share/pcb/allegrolib/symbols 


------ Summary Statistics ------


netrev run on Jan 5 17:11:14 2025
   DESIGN NAME : 'DUBLA1 P4'
   PACKAGING ON Jul 30 2017 03:29:02

   COMPILE 'logic'
   CHECK_PIN_NAMES OFF
   CROSS_REFERENCE OFF
   FEEDBACK OFF
   INCREMENTAL OFF
   INTERFACE_TYPE PHYSICAL
   MAX_ERRORS 500
   MERGE_MINIMUM 5
   NET_NAME_CHARS '#%&()*+-./:=>?@[]^_`|'
   NET_NAME_LENGTH 24
   OVERSIGHTS ON
   REPLACE_CHECK OFF
   SINGLE_NODE_NETS ON
   SPLIT_MINIMUM 0
   SUPPRESS   20
   WARNINGS ON

 No error detected
 No oversight detected
 No warning detected

cpu time      0:01:11
elapsed time  0:00:01

